Build started 11/11/2014 8:31:51 PM.
     1>Project "C:\Users\SIMPLY THE COMMODORE\Desktop\TechnoRush-master\TechnoRush\TechnoRush\TechnoRush.vcxproj" on node 2 (Build target(s)).
     1>ClCompile:
         C:\Program Files (x86)\Microsoft Visual Studio 12.0\VC\bin\CL.exe /c /I"C:\Users\SIMPLY THE COMMODORE\Desktop\TechnoRush-master\TechnoRush\\DirectXTK\inc" /ZI /nologo /W3 /WX- /sdl /Od /Oy- /D _UNICODE /D UNICODE /Gm /EHsc /RTC1 /MDd /GS /fp:precise /Zc:wchar_t /Zc:forScope /Fo"Debug\\" /Fd"Debug\vc120.pdb" /Gd /TP /analyze- /errorReport:prompt /FS WorldManager.cpp
         WorldManager.cpp
     1>c:\users\simply the commodore\desktop\technorush-master\technorush\technorush\worldmanager.cpp(37): warning C4018: '<' : signed/unsigned mismatch
       Link:
         C:\Program Files (x86)\Microsoft Visual Studio 12.0\VC\bin\link.exe /ERRORREPORT:PROMPT /OUT:"C:\Users\SIMPLY THE COMMODORE\Desktop\TechnoRush-master\TechnoRush\Debug\TechnoRush.exe" /INCREMENTAL /NOLOGO d3d11.lib d3dcompiler.lib kernel32.lib user32.lib gdi32.lib winspool.lib comdlg32.lib advapi32.lib shell32.lib ole32.lib oleaut32.lib uuid.lib odbc32.lib odbccp32.lib /MANIFEST /MANIFESTUAC:"level='asInvoker' uiAccess='false'" /manifest:embed /DEBUG /PDB:"C:\Users\SIMPLY THE COMMODORE\Desktop\TechnoRush-master\TechnoRush\Debug\TechnoRush.pdb" /TLBID:1 /DYNAMICBASE /NXCOMPAT /IMPLIB:"C:\Users\SIMPLY THE COMMODORE\Desktop\TechnoRush-master\TechnoRush\Debug\TechnoRush.lib" /MACHINE:X86 Debug\Camera.obj
         Debug\DebugCameraController.obj
         Debug\DirectXGame.obj
         Debug\dxerr.obj
         Debug\Game.obj
         Debug\GameEntity.obj
         Debug\GameManager.obj
         Debug\GameTimer.obj
         Debug\InputManager.obj
         Debug\Material.obj
         Debug\Mesh.obj
         Debug\Obstacle.obj
         Debug\WorldChunk.obj
         Debug\WorldManager.obj
         "C:\Users\SIMPLY THE COMMODORE\Desktop\TechnoRush-master\TechnoRush\DirectXTK\Bin\Desktop_2013\Win32\Debug\DirectXTK.lib"
         TechnoRush.vcxproj -> C:\Users\SIMPLY THE COMMODORE\Desktop\TechnoRush-master\TechnoRush\Debug\TechnoRush.exe
     1>Done Building Project "C:\Users\SIMPLY THE COMMODORE\Desktop\TechnoRush-master\TechnoRush\TechnoRush\TechnoRush.vcxproj" (Build target(s)).

Build succeeded.

Time Elapsed 00:00:01.53
